<?xml version="1.0" encoding="UTF-8"?>
<robot generator="Robot 6.1.1 (Python 3.12.0 on win32)" generated="20231028 12:04:45.006" rpa="false" schemaversion="4">
<suite id="s1" name="regTest" source="C:\Users\Asus\OneDrive\Documents\c0De\Selenium\regTest.robot">
<test id="s1-t1" name="Enter only teacher's name ." line="10">
<kw name="Go To Link">
<arg>${URL}</arg>
<kw name="Open Browser" library="SeleniumLibrary">
<arg>${url}</arg>
<arg>firefox</arg>
<doc>Opens a new browser instance to the optional ``url``.</doc>
<msg timestamp="20231028 12:04:45.149" level="INFO">Opening browser 'firefox' to base url 'https://reg.buu.ac.th/registrar/home.asp'.</msg>
<status status="PASS" starttime="20231028 12:04:45.149" endtime="20231028 12:04:51.306"/>
</kw>
<status status="PASS" starttime="20231028 12:04:45.149" endtime="20231028 12:04:51.307"/>
</kw>
<kw name="Click Link by xpath">
<arg>xpath:/html/body/div[2]/div/table/tbody/tr/td/div[2]/table[3]/tbody/tr/td[1]/div[2]/ul/li[5]/a</arg>
<kw name="Click Element" library="SeleniumLibrary">
<arg>${xpath}</arg>
<doc>Click the element identified by ``locator``.</doc>
<msg timestamp="20231028 12:04:51.308" level="INFO">Clicking element 'xpath:/html/body/div[2]/div/table/tbody/tr/td/div[2]/table[3]/tbody/tr/td[1]/div[2]/ul/li[5]/a'.</msg>
<status status="PASS" starttime="20231028 12:04:51.307" endtime="20231028 12:04:51.396"/>
</kw>
<status status="PASS" starttime="20231028 12:04:51.307" endtime="20231028 12:04:51.396"/>
</kw>
<kw name="Input text by xpath">
<arg>/html/body/div[2]/div/table/tbody/tr/td/div[2]/table[3]/tbody/tr/td[2]/form/table[1]/tbody/tr[2]/td[2]/input[1]</arg>
<arg>${Teacher's name}</arg>
<kw name="Input Text" library="SeleniumLibrary">
<arg>xpath=${xpath}</arg>
<arg>${name}</arg>
<doc>Types the given ``text`` into the text field identified by ``locator``.</doc>
<msg timestamp="20231028 12:04:51.397" level="INFO">Typing text 'WANTANA' into text field 'xpath=/html/body/div[2]/div/table/tbody/tr/td/div[2]/table[3]/tbody/tr/td[2]/form/table[1]/tbody/tr[2]/td[2]/input[1]'.</msg>
<status status="PASS" starttime="20231028 12:04:51.397" endtime="20231028 12:04:51.437"/>
</kw>
<status status="PASS" starttime="20231028 12:04:51.397" endtime="20231028 12:04:51.437"/>
</kw>
<kw name="Click Link by xpath">
<arg>xpath:/html/body/div[2]/div/table/tbody/tr/td/div[2]/table[3]/tbody/tr/td[2]/form/table[1]/tbody/tr[2]/td[2]/input[2]</arg>
<kw name="Click Element" library="SeleniumLibrary">
<arg>${xpath}</arg>
<doc>Click the element identified by ``locator``.</doc>
<msg timestamp="20231028 12:04:51.438" level="INFO">Clicking element 'xpath:/html/body/div[2]/div/table/tbody/tr/td/div[2]/table[3]/tbody/tr/td[2]/form/table[1]/tbody/tr[2]/td[2]/input[2]'.</msg>
<status status="PASS" starttime="20231028 12:04:51.438" endtime="20231028 12:04:51.497"/>
</kw>
<status status="PASS" starttime="20231028 12:04:51.437" endtime="20231028 12:04:51.497"/>
</kw>
<kw name="Sleep" library="BuiltIn">
<arg>5s</arg>
<doc>Pauses the test executed for the given time.</doc>
<msg timestamp="20231028 12:04:56.497" level="INFO">Slept 5 seconds</msg>
<status status="PASS" starttime="20231028 12:04:51.497" endtime="20231028 12:04:56.497"/>
</kw>
<kw name="Close Browser" library="SeleniumLibrary">
<doc>Closes the current browser.</doc>
<status status="PASS" starttime="20231028 12:04:56.497" endtime="20231028 12:04:59.134"/>
</kw>
<status status="PASS" starttime="20231028 12:04:45.149" endtime="20231028 12:04:59.134"/>
</test>
<test id="s1-t2" name="Show teacher table by do not enter full name of teacher susscessfully." line="18">
<kw name="Go To Link">
<arg>${URL}</arg>
<kw name="Open Browser" library="SeleniumLibrary">
<arg>${url}</arg>
<arg>firefox</arg>
<doc>Opens a new browser instance to the optional ``url``.</doc>
<msg timestamp="20231028 12:04:59.136" level="INFO">Opening browser 'firefox' to base url 'https://reg.buu.ac.th/registrar/home.asp'.</msg>
<status status="PASS" starttime="20231028 12:04:59.136" endtime="20231028 12:05:04.588"/>
</kw>
<status status="PASS" starttime="20231028 12:04:59.136" endtime="20231028 12:05:04.588"/>
</kw>
<kw name="Click Link by xpath">
<arg>xpath:/html/body/div[2]/div/table/tbody/tr/td/div[2]/table[3]/tbody/tr/td[1]/div[2]/ul/li[5]/a</arg>
<kw name="Click Element" library="SeleniumLibrary">
<arg>${xpath}</arg>
<doc>Click the element identified by ``locator``.</doc>
<msg timestamp="20231028 12:05:04.589" level="INFO">Clicking element 'xpath:/html/body/div[2]/div/table/tbody/tr/td/div[2]/table[3]/tbody/tr/td[1]/div[2]/ul/li[5]/a'.</msg>
<status status="PASS" starttime="20231028 12:05:04.588" endtime="20231028 12:05:04.676"/>
</kw>
<status status="PASS" starttime="20231028 12:05:04.588" endtime="20231028 12:05:04.676"/>
</kw>
<kw name="Input text by xpath">
<arg>/html/body/div[2]/div/table/tbody/tr/td/div[2]/table[3]/tbody/tr/td[2]/form/table[1]/tbody/tr[2]/td[2]/input[1]</arg>
<arg>${Teacher's name}</arg>
<kw name="Input Text" library="SeleniumLibrary">
<arg>xpath=${xpath}</arg>
<arg>${name}</arg>
<doc>Types the given ``text`` into the text field identified by ``locator``.</doc>
<msg timestamp="20231028 12:05:04.676" level="INFO">Typing text 'WANTANA' into text field 'xpath=/html/body/div[2]/div/table/tbody/tr/td/div[2]/table[3]/tbody/tr/td[2]/form/table[1]/tbody/tr[2]/td[2]/input[1]'.</msg>
<status status="PASS" starttime="20231028 12:05:04.676" endtime="20231028 12:05:04.715"/>
</kw>
<status status="PASS" starttime="20231028 12:05:04.676" endtime="20231028 12:05:04.715"/>
</kw>
<kw name="Click Link by xpath">
<arg>xpath:/html/body/div[2]/div/table/tbody/tr/td/div[2]/table[3]/tbody/tr/td[2]/form/table[1]/tbody/tr[2]/td[2]/input[2]</arg>
<kw name="Click Element" library="SeleniumLibrary">
<arg>${xpath}</arg>
<doc>Click the element identified by ``locator``.</doc>
<msg timestamp="20231028 12:05:04.716" level="INFO">Clicking element 'xpath:/html/body/div[2]/div/table/tbody/tr/td/div[2]/table[3]/tbody/tr/td[2]/form/table[1]/tbody/tr[2]/td[2]/input[2]'.</msg>
<status status="PASS" starttime="20231028 12:05:04.716" endtime="20231028 12:05:04.779"/>
</kw>
<status status="PASS" starttime="20231028 12:05:04.715" endtime="20231028 12:05:04.779"/>
</kw>
<kw name="Click Link by xpath">
<arg>xpath:/html/body/div[2]/div/table/tbody/tr/td/div[2]/table[3]/tbody/tr/td[2]/table[2]/tbody/tr[5]/td[4]/a</arg>
<kw name="Click Element" library="SeleniumLibrary">
<arg>${xpath}</arg>
<doc>Click the element identified by ``locator``.</doc>
<msg timestamp="20231028 12:05:04.781" level="INFO">Clicking element 'xpath:/html/body/div[2]/div/table/tbody/tr/td/div[2]/table[3]/tbody/tr/td[2]/table[2]/tbody/tr[5]/td[4]/a'.</msg>
<status status="PASS" starttime="20231028 12:05:04.780" endtime="20231028 12:05:04.926"/>
</kw>
<status status="PASS" starttime="20231028 12:05:04.780" endtime="20231028 12:05:04.926"/>
</kw>
<kw name="Click Link by xpath">
<arg>xpath:/html/body/div[2]/div/table/tbody/tr/td/div[2]/table[3]/tbody/tr/td[2]/table/tbody/tr[2]/td[3]/font/a[2]</arg>
<kw name="Click Element" library="SeleniumLibrary">
<arg>${xpath}</arg>
<doc>Click the element identified by ``locator``.</doc>
<msg timestamp="20231028 12:05:04.928" level="INFO">Clicking element 'xpath:/html/body/div[2]/div/table/tbody/tr/td/div[2]/table[3]/tbody/tr/td[2]/table/tbody/tr[2]/td[3]/font/a[2]'.</msg>
<status status="PASS" starttime="20231028 12:05:04.927" endtime="20231028 12:05:05.135"/>
</kw>
<status status="PASS" starttime="20231028 12:05:04.927" endtime="20231028 12:05:05.135"/>
</kw>
<kw name="Sleep" library="BuiltIn">
<arg>5s</arg>
<doc>Pauses the test executed for the given time.</doc>
<msg timestamp="20231028 12:05:10.136" level="INFO">Slept 5 seconds</msg>
<status status="PASS" starttime="20231028 12:05:05.135" endtime="20231028 12:05:10.136"/>
</kw>
<kw name="Close Browser" library="SeleniumLibrary">
<doc>Closes the current browser.</doc>
<status status="PASS" starttime="20231028 12:05:10.136" endtime="20231028 12:05:12.870"/>
</kw>
<status status="PASS" starttime="20231028 12:04:59.135" endtime="20231028 12:05:12.870"/>
</test>
<status status="PASS" starttime="20231028 12:04:45.006" endtime="20231028 12:05:12.870"/>
</suite>
<statistics>
<total>
<stat pass="2" fail="0" skip="0">All Tests</stat>
</total>
<tag>
</tag>
<suite>
<stat pass="2" fail="0" skip="0" id="s1" name="regTest">regTest</stat>
</suite>
</statistics>
<errors>
</errors>
</robot>
